<?xml version="1.0" encoding="UTF-8" ?>
<testsuite failures="0" time="0.003" errors="0" skipped="0" tests="1" name="net.ewide.util.AppTest">
  <properties>
    <property name="java.runtime.name" value="Java(TM) SE Runtime Environment"/>
    <property name="sun.boot.library.path" value="D:\Program Files\Java\jdk1.7.0_15\jre\bin"/>
    <property name="java.vm.version" value="23.7-b01"/>
    <property name="java.vm.vendor" value="Oracle Corporation"/>
    <property name="java.vendor.url" value="http://java.oracle.com/"/>
    <property name="path.separator" value=";"/>
    <property name="guice.disable.misplaced.annotation.check" value="true"/>
    <property name="java.vm.name" value="Java HotSpot(TM) Client VM"/>
    <property name="file.encoding.pkg" value="sun.io"/>
    <property name="user.script" value=""/>
    <property name="user.country" value="CN"/>
    <property name="sun.java.launcher" value="SUN_STANDARD"/>
    <property name="sun.os.patch.level" value="Service Pack 1"/>
    <property name="java.vm.specification.name" value="Java Virtual Machine Specification"/>
    <property name="user.dir" value="E:\eclipseWebSpace\util"/>
    <property name="java.runtime.version" value="1.7.0_15-b03"/>
    <property name="java.awt.graphicsenv" value="sun.awt.Win32GraphicsEnvironment"/>
    <property name="java.endorsed.dirs" value="D:\Program Files\Java\jdk1.7.0_15\jre\lib\endorsed"/>
    <property name="os.arch" value="x86"/>
    <property name="java.io.tmpdir" value="C:\Users\ADMINI~1\AppData\Local\Temp\"/>
    <property name="line.separator" value="
"/>
    <property name="java.vm.specification.vendor" value="Oracle Corporation"/>
    <property name="user.variant" value=""/>
    <property name="os.name" value="Windows 7"/>
    <property name="classworlds.conf" value="E:\eclipseWebSpace\.metadata\.plugins\org.eclipse.m2e.launching\launches\m2conf5562932987493983392.tmp"/>
    <property name="sun.jnu.encoding" value="GBK"/>
    <property name="java.library.path" value="D:\Program Files\Java\jdk1.7.0_15\bin;C:\Windows\Sun\Java\bin;C:\Windows\system32;C:\Windows;D:/Program Files/Java/jdk1.7.0_15/bin/../jre/bin/client;D:/Program Files/Java/jdk1.7.0_15/bin/../jre/bin;D:/Program Files/Java/jdk1.7.0_15/bin/../jre/lib/i386;F:\app\Administrator\product\11.2.0\dbhome_1\bin;F:\app\fan\product\11.2.0\dbhome_1\bin;.;D:\Program Files\Java\jdk1.7.0_15\bin;D:\Program Files\Java\jdk1.7.0_15\jre\bin;C:\Windows\system32;C:\Windows;C:\Windows\System32\Wbem;C:\Windows\System32\WindowsPowerShell\v1.0\;D:\Program Files\TortoiseSVN\bin;D:\Program Files\MySQL\MySQL Server 5.1\bin;C:\Program Files\WIDCOMM\Bluetooth Software\;D:\ide\apache-maven-3.2.2\bin;C:\Program Files\SQL Anywhere 10\win32;C:\Program Files\SQL Anywhere 10\Sybase Central 5.0.0\win32;C:\Program Files\Sybase\Shared\PowerBuilder;C:\Windows\Microsoft.NET\Framework\v2.0.50727;D:\TortoiseSVN\bin;C:\Program Files\Sybase\Shared\Shared\PowerBuilder;D:\RARFile\PB\Shared\PowerBuilder;D:\RARFile\PB\InfoMaker 11.0\Tutorial;D:\RARFile\PB\PowerBuilder 11.0;D:\RARFile\PB\Shared\Web Targets;;D:\ide\eclipse_jee_luna;;."/>
    <property name="java.specification.name" value="Java Platform API Specification"/>
    <property name="java.class.version" value="51.0"/>
    <property name="sun.management.compiler" value="HotSpot Client Compiler"/>
    <property name="os.version" value="6.1"/>
    <property name="user.home" value="C:\Users\Administrator"/>
    <property name="user.timezone" value="Asia/Shanghai"/>
    <property name="java.awt.printerjob" value="sun.awt.windows.WPrinterJob"/>
    <property name="java.specification.version" value="1.7"/>
    <property name="file.encoding" value="UTF-8"/>
    <property name="user.name" value="Administrator"/>
    <property name="java.class.path" value="D:\ide\apache-maven-3.2.2\boot\plexus-classworlds-2.5.1.jar"/>
    <property name="org.slf4j.simpleLogger.defaultLogLevel" value="info"/>
    <property name="java.vm.specification.version" value="1.7"/>
    <property name="sun.arch.data.model" value="32"/>
    <property name="java.home" value="D:\Program Files\Java\jdk1.7.0_15\jre"/>
    <property name="sun.java.command" value="org.codehaus.plexus.classworlds.launcher.Launcher -B -s D:\ide\apache-maven-3.2.2\conf\settings.xml install"/>
    <property name="java.specification.vendor" value="Oracle Corporation"/>
    <property name="user.language" value="zh"/>
    <property name="awt.toolkit" value="sun.awt.windows.WToolkit"/>
    <property name="java.vm.info" value="mixed mode, sharing"/>
    <property name="java.version" value="1.7.0_15"/>
    <property name="java.ext.dirs" value="D:\Program Files\Java\jdk1.7.0_15\jre\lib\ext;C:\Windows\Sun\Java\lib\ext"/>
    <property name="sun.boot.class.path" value="D:\Program Files\Java\jdk1.7.0_15\jre\lib\resources.jar;D:\Program Files\Java\jdk1.7.0_15\jre\lib\rt.jar;D:\Program Files\Java\jdk1.7.0_15\jre\lib\sunrsasign.jar;D:\Program Files\Java\jdk1.7.0_15\jre\lib\jsse.jar;D:\Program Files\Java\jdk1.7.0_15\jre\lib\jce.jar;D:\Program Files\Java\jdk1.7.0_15\jre\lib\charsets.jar;D:\Program Files\Java\jdk1.7.0_15\jre\lib\jfr.jar;D:\Program Files\Java\jdk1.7.0_15\jre\classes"/>
    <property name="java.vendor" value="Oracle Corporation"/>
    <property name="maven.home" value="D:\ide\apache-maven-3.2.2"/>
    <property name="file.separator" value="\"/>
    <property name="java.vendor.url.bug" value="http://bugreport.sun.com/bugreport/"/>
    <property name="sun.cpu.endian" value="little"/>
    <property name="sun.io.unicode.encoding" value="UnicodeLittle"/>
    <property name="sun.desktop" value="windows"/>
    <property name="sun.cpu.isalist" value=""/>
  </properties>
  <testcase time="0.003" classname="net.ewide.util.AppTest" name="testApp"/>
</testsuite>